{"name": "Validar estilos de la pestaña Evolutivo diario", "status": "broken", "statusDetails": {"message": "selenium.common.exceptions.ElementClickInterceptedException: Message: element click intercepted: Element <a _ngcontent-ng-c94341812=\"\" class=\"nav-link active\">...</a> is not clickable at point (270, 506). Other element would receive the click: <div _ngcontent-ng-c94341812=\"\" class=\"overlay\">...</div>\n  (Session info: chrome=138.0.7204.100); For documentation on this error, please visit: https://www.selenium.dev/documentation/webdriver/troubleshooting/errors#elementclickinterceptedexception\nStacktrace:\n\tGetHandleVerifier [0x0x7ff605996f75+76917]\n\tGetHandleVerifier [0x0x7ff605996fd0+77008]\n\t(No symbol) [0x0x7ff605749dea]\n\t(No symbol) [0x0x7ff6057a8269]\n\t(No symbol) [0x0x7ff6057a5c02]\n\t(No symbol) [0x0x7ff6057a2c41]\n\t(No symbol) [0x0x7ff6057a1b31]\n\t(No symbol) [0x0x7ff605793368]\n\t(No symbol) [0x0x7ff6057c846a]\n\t(No symbol) [0x0x7ff605792c16]\n\t(No symbol) [0x0x7ff6057c8680]\n\t(No symbol) [0x0x7ff6057f065c]\n\t(No symbol) [0x0x7ff6057c8243]\n\t(No symbol) [0x0x7ff605791431]\n\t(No symbol) [0x0x7ff6057921c3]\n\tGetHandleVerifier [0x0x7ff605c6d2ad+3051437]\n\tGetHandleVerifier [0x0x7ff605c67903+3028483]\n\tGetHandleVerifier [0x0x7ff605c8589d+3151261]\n\tGetHandleVerifier [0x0x7ff6059b183e+185662]\n\tGetHandleVerifier [0x0x7ff6059b96ff+218111]\n\tGetHandleVerifier [0x0x7ff60599faf4+112628]\n\tGetHandleVerifier [0x0x7ff60599fca9+113065]\n\tGetHandleVerifier [0x0x7ff605986c78+10616]\n\tBaseThreadInitThunk [0x0x7ff911d4e8d7+23]\n\tRtlUserThreadStart [0x0x7ff9139fc34c+44]\n\n", "trace": "  File \"C:\\Users\\ZENTA\\Desktop\\prueba_test_ui_estilos_gherkin\\venv\\Lib\\site-packages\\behave\\model.py\", line 1329, in run\n    match.run(runner.context)\n  File \"C:\\Users\\ZENTA\\Desktop\\prueba_test_ui_estilos_gherkin\\venv\\Lib\\site-packages\\behave\\matchers.py\", line 98, in run\n    self.func(context, *args, **kwargs)\n  File \"features\\steps\\login_steps.py\", line 45, in step_clic_tab\n    ).click()\n      ^^^^^^^\n  File \"C:\\Users\\ZENTA\\Desktop\\prueba_test_ui_estilos_gherkin\\venv\\Lib\\site-packages\\selenium\\webdriver\\remote\\webelement.py\", line 120, in click\n    self._execute(Command.CLICK_ELEMENT)\n  File \"C:\\Users\\ZENTA\\Desktop\\prueba_test_ui_estilos_gherkin\\venv\\Lib\\site-packages\\selenium\\webdriver\\remote\\webelement.py\", line 573, in _execute\n    return self._parent.execute(command, params)\n           ^^^^^^^^^^^^^^^^^^^^^^^^^^^^^^^^^^^^^\n  File \"C:\\Users\\ZENTA\\Desktop\\prueba_test_ui_estilos_gherkin\\venv\\Lib\\site-packages\\selenium\\webdriver\\remote\\webdriver.py\", line 454, in execute\n    self.error_handler.check_response(response)\n  File \"C:\\Users\\ZENTA\\Desktop\\prueba_test_ui_estilos_gherkin\\venv\\Lib\\site-packages\\selenium\\webdriver\\remote\\errorhandler.py\", line 232, in check_response\n    raise exception_class(message, screen, stacktrace)\n"}, "steps": [{"name": "Given el usuario navega a la URL \"https://d2cv8h37i5axx3.cloudfront.net/ingreso\"", "status": "passed", "start": 1752186776211, "stop": 1752186778875}, {"name": "When ingresa el usuario \"solyner28@yopmail.com\"", "status": "passed", "start": 1752186778875, "stop": 1752186779215}, {"name": "And ingresa la contraseña \"gust2909\"", "status": "passed", "start": 1752186779215, "stop": 1752186779318}, {"name": "And hace clic en el botón \"Ingresar\"", "status": "passed", "start": 1752186779319, "stop": 1752186779389}, {"name": "And hace clic en la pestaña \"Evolutivo diario\"", "status": "broken", "statusDetails": {"message": "selenium.common.exceptions.ElementClickInterceptedException: Message: element click intercepted: Element <a _ngcontent-ng-c94341812=\"\" class=\"nav-link active\">...</a> is not clickable at point (270, 506). Other element would receive the click: <div _ngcontent-ng-c94341812=\"\" class=\"overlay\">...</div>\n  (Session info: chrome=138.0.7204.100); For documentation on this error, please visit: https://www.selenium.dev/documentation/webdriver/troubleshooting/errors#elementclickinterceptedexception\nStacktrace:\n\tGetHandleVerifier [0x0x7ff605996f75+76917]\n\tGetHandleVerifier [0x0x7ff605996fd0+77008]\n\t(No symbol) [0x0x7ff605749dea]\n\t(No symbol) [0x0x7ff6057a8269]\n\t(No symbol) [0x0x7ff6057a5c02]\n\t(No symbol) [0x0x7ff6057a2c41]\n\t(No symbol) [0x0x7ff6057a1b31]\n\t(No symbol) [0x0x7ff605793368]\n\t(No symbol) [0x0x7ff6057c846a]\n\t(No symbol) [0x0x7ff605792c16]\n\t(No symbol) [0x0x7ff6057c8680]\n\t(No symbol) [0x0x7ff6057f065c]\n\t(No symbol) [0x0x7ff6057c8243]\n\t(No symbol) [0x0x7ff605791431]\n\t(No symbol) [0x0x7ff6057921c3]\n\tGetHandleVerifier [0x0x7ff605c6d2ad+3051437]\n\tGetHandleVerifier [0x0x7ff605c67903+3028483]\n\tGetHandleVerifier [0x0x7ff605c8589d+3151261]\n\tGetHandleVerifier [0x0x7ff6059b183e+185662]\n\tGetHandleVerifier [0x0x7ff6059b96ff+218111]\n\tGetHandleVerifier [0x0x7ff60599faf4+112628]\n\tGetHandleVerifier [0x0x7ff60599fca9+113065]\n\tGetHandleVerifier [0x0x7ff605986c78+10616]\n\tBaseThreadInitThunk [0x0x7ff911d4e8d7+23]\n\tRtlUserThreadStart [0x0x7ff9139fc34c+44]\n\n", "trace": "  File \"C:\\Users\\ZENTA\\Desktop\\prueba_test_ui_estilos_gherkin\\venv\\Lib\\site-packages\\behave\\model.py\", line 1329, in run\n    match.run(runner.context)\n  File \"C:\\Users\\ZENTA\\Desktop\\prueba_test_ui_estilos_gherkin\\venv\\Lib\\site-packages\\behave\\matchers.py\", line 98, in run\n    self.func(context, *args, **kwargs)\n  File \"features\\steps\\login_steps.py\", line 45, in step_clic_tab\n    ).click()\n      ^^^^^^^\n  File \"C:\\Users\\ZENTA\\Desktop\\prueba_test_ui_estilos_gherkin\\venv\\Lib\\site-packages\\selenium\\webdriver\\remote\\webelement.py\", line 120, in click\n    self._execute(Command.CLICK_ELEMENT)\n  File \"C:\\Users\\ZENTA\\Desktop\\prueba_test_ui_estilos_gherkin\\venv\\Lib\\site-packages\\selenium\\webdriver\\remote\\webelement.py\", line 573, in _execute\n    return self._parent.execute(command, params)\n           ^^^^^^^^^^^^^^^^^^^^^^^^^^^^^^^^^^^^^\n  File \"C:\\Users\\ZENTA\\Desktop\\prueba_test_ui_estilos_gherkin\\venv\\Lib\\site-packages\\selenium\\webdriver\\remote\\webdriver.py\", line 454, in execute\n    self.error_handler.check_response(response)\n  File \"C:\\Users\\ZENTA\\Desktop\\prueba_test_ui_estilos_gherkin\\venv\\Lib\\site-packages\\selenium\\webdriver\\remote\\errorhandler.py\", line 232, in check_response\n    raise exception_class(message, screen, stacktrace)\n"}, "start": 1752186779389, "stop": 1752186787159}, {"name": "Then el texto \"Evolutivo diario\" debe tener el color \"rgba(0, 123, 255, 1)\"", "status": "skipped", "start": 1752186787163, "stop": 1752186787163}, {"name": "And el texto debe tener la fuente \"TT Norms\"", "status": "skipped", "start": 1752186787163, "stop": 1752186787163}, {"name": "And el texto debe tener un tamaño de \"14px\"", "status": "skipped", "start": 1752186787163, "stop": 1752186787163}], "start": 1752186776211, "stop": 1752186787163, "uuid": "307387f0-e4bd-4ad9-8775-a57a92acb02a", "historyId": "0264707c5b522d392d1eccdd2528f6d4", "fullName": "Validación de estilos visuales: Validar estilos de la pestaña Evolutivo diario", "labels": [{"name": "severity", "value": "normal"}, {"name": "feature", "value": "Validación de estilos visuales"}, {"name": "framework", "value": "behave"}, {"name": "language", "value": "cpython3"}]}