{"name": "Verificar color, fuente y tamaño del texto en Evolutivo diario", "status": "broken", "statusDetails": {"message": "selenium.common.exceptions.NoSuchElementException: Message: no such element: Unable to locate element: {\"method\":\"xpath\",\"selector\":\"//a[contains(@class, 'active')]//span[normalize-space()='Evolutivo diario']\"}\n  (Session info: chrome=138.0.7204.100); For documentation on this error, please visit: https://www.selenium.dev/documentation/webdriver/troubleshooting/errors#nosuchelementexception\nStacktrace:\n\tGetHandleVerifier [0x0x7ff678936f75+76917]\n\tGetHandleVerifier [0x0x7ff678936fd0+77008]\n\t(No symbol) [0x0x7ff6786e9dea]\n\t(No symbol) [0x0x7ff678740256]\n\t(No symbol) [0x0x7ff67874050c]\n\t(No symbol) [0x0x7ff678793887]\n\t(No symbol) [0x0x7ff6787684af]\n\t(No symbol) [0x0x7ff67879065c]\n\t(No symbol) [0x0x7ff678768243]\n\t(No symbol) [0x0x7ff678731431]\n\t(No symbol) [0x0x7ff6787321c3]\n\tGetHandleVerifier [0x0x7ff678c0d2ad+3051437]\n\tGetHandleVerifier [0x0x7ff678c07903+3028483]\n\tGetHandleVerifier [0x0x7ff678c2589d+3151261]\n\tGetHandleVerifier [0x0x7ff67895183e+185662]\n\tGetHandleVerifier [0x0x7ff6789596ff+218111]\n\tGetHandleVerifier [0x0x7ff67893faf4+112628]\n\tGetHandleVerifier [0x0x7ff67893fca9+113065]\n\tGetHandleVerifier [0x0x7ff678926c78+10616]\n\tBaseThreadInitThunk [0x0x7ff911d4e8d7+23]\n\tRtlUserThreadStart [0x0x7ff9139fc34c+44]\n\n", "trace": "  File \"C:\\Users\\ZENTA\\Desktop\\prueba_test_ui_estilos_gherkin\\venv\\Lib\\site-packages\\behave\\model.py\", line 1329, in run\n    match.run(runner.context)\n  File \"C:\\Users\\ZENTA\\Desktop\\prueba_test_ui_estilos_gherkin\\venv\\Lib\\site-packages\\behave\\matchers.py\", line 98, in run\n    self.func(context, *args, **kwargs)\n  File \"features\\steps\\validacionHomeNeoTac_steps.py\", line 30, in step_color_diario\n    elem = obtener_elemento_diario(context)\n           ^^^^^^^^^^^^^^^^^^^^^^^^^^^^^^^^\n  File \"features\\steps\\validacionHomeNeoTac_steps.py\", line 14, in obtener_elemento_diario\n    return context.driver.find_element(*LOCATORS.TAB_EVOLUTIVO_DIARIO_ACTIVO)\n           ^^^^^^^^^^^^^^^^^^^^^^^^^^^^^^^^^^^^^^^^^^^^^^^^^^^^^^^^^^^^^^^^^^\n  File \"C:\\Users\\ZENTA\\Desktop\\prueba_test_ui_estilos_gherkin\\venv\\Lib\\site-packages\\selenium\\webdriver\\remote\\webdriver.py\", line 922, in find_element\n    return self.execute(Command.FIND_ELEMENT, {\"using\": by, \"value\": value})[\"value\"]\n           ^^^^^^^^^^^^^^^^^^^^^^^^^^^^^^^^^^^^^^^^^^^^^^^^^^^^^^^^^^^^^^^^^\n  File \"C:\\Users\\ZENTA\\Desktop\\prueba_test_ui_estilos_gherkin\\venv\\Lib\\site-packages\\selenium\\webdriver\\remote\\webdriver.py\", line 454, in execute\n    self.error_handler.check_response(response)\n  File \"C:\\Users\\ZENTA\\Desktop\\prueba_test_ui_estilos_gherkin\\venv\\Lib\\site-packages\\selenium\\webdriver\\remote\\errorhandler.py\", line 232, in check_response\n    raise exception_class(message, screen, stacktrace)\n"}, "steps": [{"name": "Given el usuario navega a la URL \"https://d2cv8h37i5axx3.cloudfront.net/ingreso\"", "status": "passed", "start": 1752270374642, "stop": 1752270377086}, {"name": "When ingresa el usuario \"solyner28@yopmail.com\"", "status": "passed", "start": 1752270377087, "stop": 1752270377205}, {"name": "And ingresa la contraseña \"gust2909\"", "status": "passed", "start": 1752270377205, "stop": 1752270377274}, {"name": "And hace clic en el botón \"Ingresar\"", "status": "passed", "start": 1752270377274, "stop": 1752270377337}, {"name": "Then el texto \"Evolutivo diario\" debe tener el color \"rgba(0, 123, 255, 1)\"", "status": "broken", "statusDetails": {"message": "selenium.common.exceptions.NoSuchElementException: Message: no such element: Unable to locate element: {\"method\":\"xpath\",\"selector\":\"//a[contains(@class, 'active')]//span[normalize-space()='Evolutivo diario']\"}\n  (Session info: chrome=138.0.7204.100); For documentation on this error, please visit: https://www.selenium.dev/documentation/webdriver/troubleshooting/errors#nosuchelementexception\nStacktrace:\n\tGetHandleVerifier [0x0x7ff678936f75+76917]\n\tGetHandleVerifier [0x0x7ff678936fd0+77008]\n\t(No symbol) [0x0x7ff6786e9dea]\n\t(No symbol) [0x0x7ff678740256]\n\t(No symbol) [0x0x7ff67874050c]\n\t(No symbol) [0x0x7ff678793887]\n\t(No symbol) [0x0x7ff6787684af]\n\t(No symbol) [0x0x7ff67879065c]\n\t(No symbol) [0x0x7ff678768243]\n\t(No symbol) [0x0x7ff678731431]\n\t(No symbol) [0x0x7ff6787321c3]\n\tGetHandleVerifier [0x0x7ff678c0d2ad+3051437]\n\tGetHandleVerifier [0x0x7ff678c07903+3028483]\n\tGetHandleVerifier [0x0x7ff678c2589d+3151261]\n\tGetHandleVerifier [0x0x7ff67895183e+185662]\n\tGetHandleVerifier [0x0x7ff6789596ff+218111]\n\tGetHandleVerifier [0x0x7ff67893faf4+112628]\n\tGetHandleVerifier [0x0x7ff67893fca9+113065]\n\tGetHandleVerifier [0x0x7ff678926c78+10616]\n\tBaseThreadInitThunk [0x0x7ff911d4e8d7+23]\n\tRtlUserThreadStart [0x0x7ff9139fc34c+44]\n\n", "trace": "  File \"C:\\Users\\ZENTA\\Desktop\\prueba_test_ui_estilos_gherkin\\venv\\Lib\\site-packages\\behave\\model.py\", line 1329, in run\n    match.run(runner.context)\n  File \"C:\\Users\\ZENTA\\Desktop\\prueba_test_ui_estilos_gherkin\\venv\\Lib\\site-packages\\behave\\matchers.py\", line 98, in run\n    self.func(context, *args, **kwargs)\n  File \"features\\steps\\validacionHomeNeoTac_steps.py\", line 30, in step_color_diario\n    elem = obtener_elemento_diario(context)\n           ^^^^^^^^^^^^^^^^^^^^^^^^^^^^^^^^\n  File \"features\\steps\\validacionHomeNeoTac_steps.py\", line 14, in obtener_elemento_diario\n    return context.driver.find_element(*LOCATORS.TAB_EVOLUTIVO_DIARIO_ACTIVO)\n           ^^^^^^^^^^^^^^^^^^^^^^^^^^^^^^^^^^^^^^^^^^^^^^^^^^^^^^^^^^^^^^^^^^\n  File \"C:\\Users\\ZENTA\\Desktop\\prueba_test_ui_estilos_gherkin\\venv\\Lib\\site-packages\\selenium\\webdriver\\remote\\webdriver.py\", line 922, in find_element\n    return self.execute(Command.FIND_ELEMENT, {\"using\": by, \"value\": value})[\"value\"]\n           ^^^^^^^^^^^^^^^^^^^^^^^^^^^^^^^^^^^^^^^^^^^^^^^^^^^^^^^^^^^^^^^^^\n  File \"C:\\Users\\ZENTA\\Desktop\\prueba_test_ui_estilos_gherkin\\venv\\Lib\\site-packages\\selenium\\webdriver\\remote\\webdriver.py\", line 454, in execute\n    self.error_handler.check_response(response)\n  File \"C:\\Users\\ZENTA\\Desktop\\prueba_test_ui_estilos_gherkin\\venv\\Lib\\site-packages\\selenium\\webdriver\\remote\\errorhandler.py\", line 232, in check_response\n    raise exception_class(message, screen, stacktrace)\n"}, "start": 1752270377337, "stop": 1752270377354}, {"name": "And el texto debe tener la fuente \"TT Norms\"", "status": "skipped", "start": 1752270377354, "stop": 1752270377354}, {"name": "And el texto debe tener un tamaño de \"14px\"", "status": "skipped", "start": 1752270377354, "stop": 1752270377354}], "start": 1752270374641, "stop": 1752270377354, "uuid": "f903e9ca-2920-43d0-892d-b9ff204e47cf", "historyId": "f699d2edc677c2f1116e08a4b9d69a1b", "fullName": "Login y validación de estilos: Verificar color, fuente y tamaño del texto en Evolutivo diario", "labels": [{"name": "severity", "value": "normal"}, {"name": "tag", "value": "test_diario"}, {"name": "feature", "value": "Login y validación de estilos"}, {"name": "framework", "value": "behave"}, {"name": "language", "value": "cpython3"}]}