{"name": "Verificar color, fuente y tamaño del texto en Evolutivo diario -- @1.1 ", "status": "broken", "statusDetails": {"message": "selenium.common.exceptions.ElementClickInterceptedException: Message: element click intercepted: Element <a _ngcontent-ng-c94341812=\"\" class=\"nav-link active\">...</a> is not clickable at point (265, 506). Other element would receive the click: <div _ngcontent-ng-c94341812=\"\" class=\"overlay\">...</div>\n  (Session info: chrome=138.0.7204.100); For documentation on this error, please visit: https://www.selenium.dev/documentation/webdriver/troubleshooting/errors#elementclickinterceptedexception\nStacktrace:\n\tGetHandleVerifier [0x0x7ff7e7226f75+76917]\n\tGetHandleVerifier [0x0x7ff7e7226fd0+77008]\n\t(No symbol) [0x0x7ff7e6fd9dea]\n\t(No symbol) [0x0x7ff7e7038269]\n\t(No symbol) [0x0x7ff7e7035c02]\n\t(No symbol) [0x0x7ff7e7032c41]\n\t(No symbol) [0x0x7ff7e7031b31]\n\t(No symbol) [0x0x7ff7e7023368]\n\t(No symbol) [0x0x7ff7e705846a]\n\t(No symbol) [0x0x7ff7e7022c16]\n\t(No symbol) [0x0x7ff7e7058680]\n\t(No symbol) [0x0x7ff7e708065c]\n\t(No symbol) [0x0x7ff7e7058243]\n\t(No symbol) [0x0x7ff7e7021431]\n\t(No symbol) [0x0x7ff7e70221c3]\n\tGetHandleVerifier [0x0x7ff7e74fd2ad+3051437]\n\tGetHandleVerifier [0x0x7ff7e74f7903+3028483]\n\tGetHandleVerifier [0x0x7ff7e751589d+3151261]\n\tGetHandleVerifier [0x0x7ff7e724183e+185662]\n\tGetHandleVerifier [0x0x7ff7e72496ff+218111]\n\tGetHandleVerifier [0x0x7ff7e722faf4+112628]\n\tGetHandleVerifier [0x0x7ff7e722fca9+113065]\n\tGetHandleVerifier [0x0x7ff7e7216c78+10616]\n\tBaseThreadInitThunk [0x0x7ff911d4e8d7+23]\n\tRtlUserThreadStart [0x0x7ff9139fc34c+44]\n\n", "trace": "  File \"C:\\Users\\ZENTA\\Desktop\\prueba_test_ui_estilos_gherkin\\venv\\Lib\\site-packages\\behave\\model.py\", line 1329, in run\n    match.run(runner.context)\n  File \"C:\\Users\\ZENTA\\Desktop\\prueba_test_ui_estilos_gherkin\\venv\\Lib\\site-packages\\behave\\matchers.py\", line 98, in run\n    self.func(context, *args, **kwargs)\n  File \"features\\steps\\validacionHomeNeoTac_steps.py\", line 44, in step_click_tab\n    esperar(context, LOCATORS.TAB_EVOLUTIVO_DIARIO).click()\n  File \"C:\\Users\\ZENTA\\Desktop\\prueba_test_ui_estilos_gherkin\\venv\\Lib\\site-packages\\selenium\\webdriver\\remote\\webelement.py\", line 120, in click\n    self._execute(Command.CLICK_ELEMENT)\n  File \"C:\\Users\\ZENTA\\Desktop\\prueba_test_ui_estilos_gherkin\\venv\\Lib\\site-packages\\selenium\\webdriver\\remote\\webelement.py\", line 573, in _execute\n    return self._parent.execute(command, params)\n           ^^^^^^^^^^^^^^^^^^^^^^^^^^^^^^^^^^^^^\n  File \"C:\\Users\\ZENTA\\Desktop\\prueba_test_ui_estilos_gherkin\\venv\\Lib\\site-packages\\selenium\\webdriver\\remote\\webdriver.py\", line 454, in execute\n    self.error_handler.check_response(response)\n  File \"C:\\Users\\ZENTA\\Desktop\\prueba_test_ui_estilos_gherkin\\venv\\Lib\\site-packages\\selenium\\webdriver\\remote\\errorhandler.py\", line 232, in check_response\n    raise exception_class(message, screen, stacktrace)\n"}, "steps": [{"name": "Given el usuario navega a la URL \"https://d2cv8h37i5axx3.cloudfront.net/ingreso\"", "status": "passed", "start": 1752259833946, "stop": 1752259836739}, {"name": "When ingresa el usuario \"solyner28@yopmail.com\"", "status": "passed", "start": 1752259836739, "stop": 1752259836896}, {"name": "And ingresa la contraseña \"gust2909\"", "status": "passed", "start": 1752259836896, "stop": 1752259836992}, {"name": "And hace clic en el botón \"Ingresar\"", "status": "passed", "start": 1752259836992, "stop": 1752259837058}, {"name": "Then el usuario debería ver la pestaña \"Evolutivo diario\"", "status": "passed", "start": 1752259837058, "stop": 1752259842711}, {"name": "When hace clic en la pestaña \"Evolutivo diario\"", "status": "broken", "statusDetails": {"message": "selenium.common.exceptions.ElementClickInterceptedException: Message: element click intercepted: Element <a _ngcontent-ng-c94341812=\"\" class=\"nav-link active\">...</a> is not clickable at point (265, 506). Other element would receive the click: <div _ngcontent-ng-c94341812=\"\" class=\"overlay\">...</div>\n  (Session info: chrome=138.0.7204.100); For documentation on this error, please visit: https://www.selenium.dev/documentation/webdriver/troubleshooting/errors#elementclickinterceptedexception\nStacktrace:\n\tGetHandleVerifier [0x0x7ff7e7226f75+76917]\n\tGetHandleVerifier [0x0x7ff7e7226fd0+77008]\n\t(No symbol) [0x0x7ff7e6fd9dea]\n\t(No symbol) [0x0x7ff7e7038269]\n\t(No symbol) [0x0x7ff7e7035c02]\n\t(No symbol) [0x0x7ff7e7032c41]\n\t(No symbol) [0x0x7ff7e7031b31]\n\t(No symbol) [0x0x7ff7e7023368]\n\t(No symbol) [0x0x7ff7e705846a]\n\t(No symbol) [0x0x7ff7e7022c16]\n\t(No symbol) [0x0x7ff7e7058680]\n\t(No symbol) [0x0x7ff7e708065c]\n\t(No symbol) [0x0x7ff7e7058243]\n\t(No symbol) [0x0x7ff7e7021431]\n\t(No symbol) [0x0x7ff7e70221c3]\n\tGetHandleVerifier [0x0x7ff7e74fd2ad+3051437]\n\tGetHandleVerifier [0x0x7ff7e74f7903+3028483]\n\tGetHandleVerifier [0x0x7ff7e751589d+3151261]\n\tGetHandleVerifier [0x0x7ff7e724183e+185662]\n\tGetHandleVerifier [0x0x7ff7e72496ff+218111]\n\tGetHandleVerifier [0x0x7ff7e722faf4+112628]\n\tGetHandleVerifier [0x0x7ff7e722fca9+113065]\n\tGetHandleVerifier [0x0x7ff7e7216c78+10616]\n\tBaseThreadInitThunk [0x0x7ff911d4e8d7+23]\n\tRtlUserThreadStart [0x0x7ff9139fc34c+44]\n\n", "trace": "  File \"C:\\Users\\ZENTA\\Desktop\\prueba_test_ui_estilos_gherkin\\venv\\Lib\\site-packages\\behave\\model.py\", line 1329, in run\n    match.run(runner.context)\n  File \"C:\\Users\\ZENTA\\Desktop\\prueba_test_ui_estilos_gherkin\\venv\\Lib\\site-packages\\behave\\matchers.py\", line 98, in run\n    self.func(context, *args, **kwargs)\n  File \"features\\steps\\validacionHomeNeoTac_steps.py\", line 44, in step_click_tab\n    esperar(context, LOCATORS.TAB_EVOLUTIVO_DIARIO).click()\n  File \"C:\\Users\\ZENTA\\Desktop\\prueba_test_ui_estilos_gherkin\\venv\\Lib\\site-packages\\selenium\\webdriver\\remote\\webelement.py\", line 120, in click\n    self._execute(Command.CLICK_ELEMENT)\n  File \"C:\\Users\\ZENTA\\Desktop\\prueba_test_ui_estilos_gherkin\\venv\\Lib\\site-packages\\selenium\\webdriver\\remote\\webelement.py\", line 573, in _execute\n    return self._parent.execute(command, params)\n           ^^^^^^^^^^^^^^^^^^^^^^^^^^^^^^^^^^^^^\n  File \"C:\\Users\\ZENTA\\Desktop\\prueba_test_ui_estilos_gherkin\\venv\\Lib\\site-packages\\selenium\\webdriver\\remote\\webdriver.py\", line 454, in execute\n    self.error_handler.check_response(response)\n  File \"C:\\Users\\ZENTA\\Desktop\\prueba_test_ui_estilos_gherkin\\venv\\Lib\\site-packages\\selenium\\webdriver\\remote\\errorhandler.py\", line 232, in check_response\n    raise exception_class(message, screen, stacktrace)\n"}, "start": 1752259842727, "stop": 1752259843766}, {"name": "Then el texto \"Evolutivo diario\" debe tener el color \"rgba(0, 123, 255, 1)\"", "status": "skipped", "start": 1752259843766, "stop": 1752259843766}, {"name": "And el texto debe tener la fuente \"TT Norms\"", "status": "skipped", "start": 1752259843766, "stop": 1752259843766}, {"name": "And el texto debe tener un tamaño de \"14px\"", "status": "skipped", "start": 1752259843766, "stop": 1752259843766}], "parameters": [{"name": "color", "value": "rgba(0, 123, 255, 1)"}, {"name": "fuente", "value": "TT Norms"}, {"name": "tamano", "value": "14px"}], "start": 1752259833946, "stop": 1752259843766, "uuid": "72c5fb1d-8a30-4aee-85df-25bb7c7cc184", "historyId": "0b4671d3e77667ae98b77b1e271630e5", "fullName": "Validación de estilos \"Home Neo Tac\": Verificar color, fuente y tamaño del texto en Evolutivo diario", "labels": [{"name": "severity", "value": "normal"}, {"name": "feature", "value": "Validación de estilos \"Home Neo Tac\""}, {"name": "framework", "value": "behave"}, {"name": "language", "value": "cpython3"}]}