{"name": "Validar estilos de la pestaña Evolutivo diario", "status": "broken", "statusDetails": {"message": "selenium.common.exceptions.NoSuchElementException: Message: no such element: Unable to locate element: {\"method\":\"xpath\",\"selector\":\"//a[contains(text(), 'Evolutivo diario') and contains(@class, 'active')]\"}\n  (Session info: chrome=138.0.7204.100); For documentation on this error, please visit: https://www.selenium.dev/documentation/webdriver/troubleshooting/errors#nosuchelementexception\nStacktrace:\n\tGetHandleVerifier [0x0x7ff7b56d6f75+76917]\n\tGetHandleVerifier [0x0x7ff7b56d6fd0+77008]\n\t(No symbol) [0x0x7ff7b5489dea]\n\t(No symbol) [0x0x7ff7b54e0256]\n\t(No symbol) [0x0x7ff7b54e050c]\n\t(No symbol) [0x0x7ff7b5533887]\n\t(No symbol) [0x0x7ff7b55084af]\n\t(No symbol) [0x0x7ff7b553065c]\n\t(No symbol) [0x0x7ff7b5508243]\n\t(No symbol) [0x0x7ff7b54d1431]\n\t(No symbol) [0x0x7ff7b54d21c3]\n\tGetHandleVerifier [0x0x7ff7b59ad2ad+3051437]\n\tGetHandleVerifier [0x0x7ff7b59a7903+3028483]\n\tGetHandleVerifier [0x0x7ff7b59c589d+3151261]\n\tGetHandleVerifier [0x0x7ff7b56f183e+185662]\n\tGetHandleVerifier [0x0x7ff7b56f96ff+218111]\n\tGetHandleVerifier [0x0x7ff7b56dfaf4+112628]\n\tGetHandleVerifier [0x0x7ff7b56dfca9+113065]\n\tGetHandleVerifier [0x0x7ff7b56c6c78+10616]\n\tBaseThreadInitThunk [0x0x7ff911d4e8d7+23]\n\tRtlUserThreadStart [0x0x7ff9139fc34c+44]\n\n", "trace": "  File \"C:\\Users\\ZENTA\\Desktop\\prueba_test_ui_estilos_gherkin\\venv\\Lib\\site-packages\\behave\\model.py\", line 1329, in run\n    match.run(runner.context)\n  File \"C:\\Users\\ZENTA\\Desktop\\prueba_test_ui_estilos_gherkin\\venv\\Lib\\site-packages\\behave\\matchers.py\", line 98, in run\n    self.func(context, *args, **kwargs)\n  File \"features\\steps\\login_steps.py\", line 65, in step_validar_color\n    elem = context.driver.find_element(\n           ^^^^^^^^^^^^^^^^^^^^^^^^^^^^\n  File \"C:\\Users\\ZENTA\\Desktop\\prueba_test_ui_estilos_gherkin\\venv\\Lib\\site-packages\\selenium\\webdriver\\remote\\webdriver.py\", line 922, in find_element\n    return self.execute(Command.FIND_ELEMENT, {\"using\": by, \"value\": value})[\"value\"]\n           ^^^^^^^^^^^^^^^^^^^^^^^^^^^^^^^^^^^^^^^^^^^^^^^^^^^^^^^^^^^^^^^^^\n  File \"C:\\Users\\ZENTA\\Desktop\\prueba_test_ui_estilos_gherkin\\venv\\Lib\\site-packages\\selenium\\webdriver\\remote\\webdriver.py\", line 454, in execute\n    self.error_handler.check_response(response)\n  File \"C:\\Users\\ZENTA\\Desktop\\prueba_test_ui_estilos_gherkin\\venv\\Lib\\site-packages\\selenium\\webdriver\\remote\\errorhandler.py\", line 232, in check_response\n    raise exception_class(message, screen, stacktrace)\n"}, "steps": [{"name": "Given el usuario navega a la URL \"https://d2cv8h37i5axx3.cloudfront.net/ingreso\"", "status": "passed", "start": 1752242804125, "stop": 1752242806509}, {"name": "When ingresa el usuario \"solyner28@yopmail.com\"", "status": "passed", "start": 1752242806509, "stop": 1752242806714}, {"name": "And ingresa la contraseña \"gust2909\"", "status": "passed", "start": 1752242806714, "stop": 1752242806792}, {"name": "And hace clic en el botón \"Ingresar\"", "status": "passed", "start": 1752242806792, "stop": 1752242806848}, {"name": "Then el texto \"Evolutivo diario\" debe tener el color \"rgba(0, 123, 255, 1)\"", "status": "broken", "statusDetails": {"message": "selenium.common.exceptions.NoSuchElementException: Message: no such element: Unable to locate element: {\"method\":\"xpath\",\"selector\":\"//a[contains(text(), 'Evolutivo diario') and contains(@class, 'active')]\"}\n  (Session info: chrome=138.0.7204.100); For documentation on this error, please visit: https://www.selenium.dev/documentation/webdriver/troubleshooting/errors#nosuchelementexception\nStacktrace:\n\tGetHandleVerifier [0x0x7ff7b56d6f75+76917]\n\tGetHandleVerifier [0x0x7ff7b56d6fd0+77008]\n\t(No symbol) [0x0x7ff7b5489dea]\n\t(No symbol) [0x0x7ff7b54e0256]\n\t(No symbol) [0x0x7ff7b54e050c]\n\t(No symbol) [0x0x7ff7b5533887]\n\t(No symbol) [0x0x7ff7b55084af]\n\t(No symbol) [0x0x7ff7b553065c]\n\t(No symbol) [0x0x7ff7b5508243]\n\t(No symbol) [0x0x7ff7b54d1431]\n\t(No symbol) [0x0x7ff7b54d21c3]\n\tGetHandleVerifier [0x0x7ff7b59ad2ad+3051437]\n\tGetHandleVerifier [0x0x7ff7b59a7903+3028483]\n\tGetHandleVerifier [0x0x7ff7b59c589d+3151261]\n\tGetHandleVerifier [0x0x7ff7b56f183e+185662]\n\tGetHandleVerifier [0x0x7ff7b56f96ff+218111]\n\tGetHandleVerifier [0x0x7ff7b56dfaf4+112628]\n\tGetHandleVerifier [0x0x7ff7b56dfca9+113065]\n\tGetHandleVerifier [0x0x7ff7b56c6c78+10616]\n\tBaseThreadInitThunk [0x0x7ff911d4e8d7+23]\n\tRtlUserThreadStart [0x0x7ff9139fc34c+44]\n\n", "trace": "  File \"C:\\Users\\ZENTA\\Desktop\\prueba_test_ui_estilos_gherkin\\venv\\Lib\\site-packages\\behave\\model.py\", line 1329, in run\n    match.run(runner.context)\n  File \"C:\\Users\\ZENTA\\Desktop\\prueba_test_ui_estilos_gherkin\\venv\\Lib\\site-packages\\behave\\matchers.py\", line 98, in run\n    self.func(context, *args, **kwargs)\n  File \"features\\steps\\login_steps.py\", line 65, in step_validar_color\n    elem = context.driver.find_element(\n           ^^^^^^^^^^^^^^^^^^^^^^^^^^^^\n  File \"C:\\Users\\ZENTA\\Desktop\\prueba_test_ui_estilos_gherkin\\venv\\Lib\\site-packages\\selenium\\webdriver\\remote\\webdriver.py\", line 922, in find_element\n    return self.execute(Command.FIND_ELEMENT, {\"using\": by, \"value\": value})[\"value\"]\n           ^^^^^^^^^^^^^^^^^^^^^^^^^^^^^^^^^^^^^^^^^^^^^^^^^^^^^^^^^^^^^^^^^\n  File \"C:\\Users\\ZENTA\\Desktop\\prueba_test_ui_estilos_gherkin\\venv\\Lib\\site-packages\\selenium\\webdriver\\remote\\webdriver.py\", line 454, in execute\n    self.error_handler.check_response(response)\n  File \"C:\\Users\\ZENTA\\Desktop\\prueba_test_ui_estilos_gherkin\\venv\\Lib\\site-packages\\selenium\\webdriver\\remote\\errorhandler.py\", line 232, in check_response\n    raise exception_class(message, screen, stacktrace)\n"}, "start": 1752242806848, "stop": 1752242806860}, {"name": "And el texto debe tener la fuente \"TT Norms\"", "status": "skipped", "start": 1752242806860, "stop": 1752242806860}, {"name": "And el texto debe tener un tamaño de \"14px\"", "status": "skipped", "start": 1752242806860, "stop": 1752242806860}], "start": 1752242804125, "stop": 1752242806860, "uuid": "80571b1e-7de9-43d9-b896-2b0b175710c6", "historyId": "0264707c5b522d392d1eccdd2528f6d4", "fullName": "Validación de estilos visuales: Validar estilos de la pestaña Evolutivo diario", "labels": [{"name": "severity", "value": "normal"}, {"name": "feature", "value": "Validación de estilos visuales"}, {"name": "framework", "value": "behave"}, {"name": "language", "value": "cpython3"}]}