{"name": "Verificar color, fuente y tamaño del texto en Evolutivo diario -- @1.1 ", "status": "broken", "statusDetails": {"message": "selenium.common.exceptions.ElementClickInterceptedException: Message: element click intercepted: Element <a _ngcontent-ng-c94341812=\"\" class=\"nav-link active\">...</a> is not clickable at point (265, 506). Other element would receive the click: <div _ngcontent-ng-c94341812=\"\" class=\"overlay\">...</div>\n  (Session info: chrome=138.0.7204.100); For documentation on this error, please visit: https://www.selenium.dev/documentation/webdriver/troubleshooting/errors#elementclickinterceptedexception\nStacktrace:\n\tGetHandleVerifier [0x0x7ff7b56d6f75+76917]\n\tGetHandleVerifier [0x0x7ff7b56d6fd0+77008]\n\t(No symbol) [0x0x7ff7b5489dea]\n\t(No symbol) [0x0x7ff7b54e8269]\n\t(No symbol) [0x0x7ff7b54e5c02]\n\t(No symbol) [0x0x7ff7b54e2c41]\n\t(No symbol) [0x0x7ff7b54e1b31]\n\t(No symbol) [0x0x7ff7b54d3368]\n\t(No symbol) [0x0x7ff7b550846a]\n\t(No symbol) [0x0x7ff7b54d2c16]\n\t(No symbol) [0x0x7ff7b5508680]\n\t(No symbol) [0x0x7ff7b553065c]\n\t(No symbol) [0x0x7ff7b5508243]\n\t(No symbol) [0x0x7ff7b54d1431]\n\t(No symbol) [0x0x7ff7b54d21c3]\n\tGetHandleVerifier [0x0x7ff7b59ad2ad+3051437]\n\tGetHandleVerifier [0x0x7ff7b59a7903+3028483]\n\tGetHandleVerifier [0x0x7ff7b59c589d+3151261]\n\tGetHandleVerifier [0x0x7ff7b56f183e+185662]\n\tGetHandleVerifier [0x0x7ff7b56f96ff+218111]\n\tGetHandleVerifier [0x0x7ff7b56dfaf4+112628]\n\tGetHandleVerifier [0x0x7ff7b56dfca9+113065]\n\tGetHandleVerifier [0x0x7ff7b56c6c78+10616]\n\tBaseThreadInitThunk [0x0x7ff911d4e8d7+23]\n\tRtlUserThreadStart [0x0x7ff9139fc34c+44]\n\n", "trace": "  File \"C:\\Users\\ZENTA\\Desktop\\prueba_test_ui_estilos_gherkin\\venv\\Lib\\site-packages\\behave\\model.py\", line 1329, in run\n    match.run(runner.context)\n  File \"C:\\Users\\ZENTA\\Desktop\\prueba_test_ui_estilos_gherkin\\venv\\Lib\\site-packages\\behave\\matchers.py\", line 98, in run\n    self.func(context, *args, **kwargs)\n  File \"features\\steps\\login_steps.py\", line 45, in step_click_tab\n    esperar(context, By.XPATH, \"//a[contains(text(), 'Evolutivo diario')]\").click()\n  File \"C:\\Users\\ZENTA\\Desktop\\prueba_test_ui_estilos_gherkin\\venv\\Lib\\site-packages\\selenium\\webdriver\\remote\\webelement.py\", line 120, in click\n    self._execute(Command.CLICK_ELEMENT)\n  File \"C:\\Users\\ZENTA\\Desktop\\prueba_test_ui_estilos_gherkin\\venv\\Lib\\site-packages\\selenium\\webdriver\\remote\\webelement.py\", line 573, in _execute\n    return self._parent.execute(command, params)\n           ^^^^^^^^^^^^^^^^^^^^^^^^^^^^^^^^^^^^^\n  File \"C:\\Users\\ZENTA\\Desktop\\prueba_test_ui_estilos_gherkin\\venv\\Lib\\site-packages\\selenium\\webdriver\\remote\\webdriver.py\", line 454, in execute\n    self.error_handler.check_response(response)\n  File \"C:\\Users\\ZENTA\\Desktop\\prueba_test_ui_estilos_gherkin\\venv\\Lib\\site-packages\\selenium\\webdriver\\remote\\errorhandler.py\", line 232, in check_response\n    raise exception_class(message, screen, stacktrace)\n"}, "steps": [{"name": "Given el usuario navega a la URL \"https://d2cv8h37i5axx3.cloudfront.net/ingreso\"", "status": "passed", "start": 1752246045418, "stop": 1752246048042}, {"name": "When ingresa el usuario \"solyner28@yopmail.com\"", "status": "passed", "start": 1752246048042, "stop": 1752246048323}, {"name": "And ingresa la contraseña \"gust2909\"", "status": "passed", "start": 1752246048323, "stop": 1752246048382}, {"name": "And hace clic en el botón \"Ingresar\"", "status": "passed", "start": 1752246048382, "stop": 1752246048439}, {"name": "Then el usuario debería ver la pestaña \"Evolutivo diario\"", "status": "passed", "start": 1752246048439, "stop": 1752246054675}, {"name": "When hace clic en la pestaña \"Evolutivo diario\"", "status": "broken", "statusDetails": {"message": "selenium.common.exceptions.ElementClickInterceptedException: Message: element click intercepted: Element <a _ngcontent-ng-c94341812=\"\" class=\"nav-link active\">...</a> is not clickable at point (265, 506). Other element would receive the click: <div _ngcontent-ng-c94341812=\"\" class=\"overlay\">...</div>\n  (Session info: chrome=138.0.7204.100); For documentation on this error, please visit: https://www.selenium.dev/documentation/webdriver/troubleshooting/errors#elementclickinterceptedexception\nStacktrace:\n\tGetHandleVerifier [0x0x7ff7b56d6f75+76917]\n\tGetHandleVerifier [0x0x7ff7b56d6fd0+77008]\n\t(No symbol) [0x0x7ff7b5489dea]\n\t(No symbol) [0x0x7ff7b54e8269]\n\t(No symbol) [0x0x7ff7b54e5c02]\n\t(No symbol) [0x0x7ff7b54e2c41]\n\t(No symbol) [0x0x7ff7b54e1b31]\n\t(No symbol) [0x0x7ff7b54d3368]\n\t(No symbol) [0x0x7ff7b550846a]\n\t(No symbol) [0x0x7ff7b54d2c16]\n\t(No symbol) [0x0x7ff7b5508680]\n\t(No symbol) [0x0x7ff7b553065c]\n\t(No symbol) [0x0x7ff7b5508243]\n\t(No symbol) [0x0x7ff7b54d1431]\n\t(No symbol) [0x0x7ff7b54d21c3]\n\tGetHandleVerifier [0x0x7ff7b59ad2ad+3051437]\n\tGetHandleVerifier [0x0x7ff7b59a7903+3028483]\n\tGetHandleVerifier [0x0x7ff7b59c589d+3151261]\n\tGetHandleVerifier [0x0x7ff7b56f183e+185662]\n\tGetHandleVerifier [0x0x7ff7b56f96ff+218111]\n\tGetHandleVerifier [0x0x7ff7b56dfaf4+112628]\n\tGetHandleVerifier [0x0x7ff7b56dfca9+113065]\n\tGetHandleVerifier [0x0x7ff7b56c6c78+10616]\n\tBaseThreadInitThunk [0x0x7ff911d4e8d7+23]\n\tRtlUserThreadStart [0x0x7ff9139fc34c+44]\n\n", "trace": "  File \"C:\\Users\\ZENTA\\Desktop\\prueba_test_ui_estilos_gherkin\\venv\\Lib\\site-packages\\behave\\model.py\", line 1329, in run\n    match.run(runner.context)\n  File \"C:\\Users\\ZENTA\\Desktop\\prueba_test_ui_estilos_gherkin\\venv\\Lib\\site-packages\\behave\\matchers.py\", line 98, in run\n    self.func(context, *args, **kwargs)\n  File \"features\\steps\\login_steps.py\", line 45, in step_click_tab\n    esperar(context, By.XPATH, \"//a[contains(text(), 'Evolutivo diario')]\").click()\n  File \"C:\\Users\\ZENTA\\Desktop\\prueba_test_ui_estilos_gherkin\\venv\\Lib\\site-packages\\selenium\\webdriver\\remote\\webelement.py\", line 120, in click\n    self._execute(Command.CLICK_ELEMENT)\n  File \"C:\\Users\\ZENTA\\Desktop\\prueba_test_ui_estilos_gherkin\\venv\\Lib\\site-packages\\selenium\\webdriver\\remote\\webelement.py\", line 573, in _execute\n    return self._parent.execute(command, params)\n           ^^^^^^^^^^^^^^^^^^^^^^^^^^^^^^^^^^^^^\n  File \"C:\\Users\\ZENTA\\Desktop\\prueba_test_ui_estilos_gherkin\\venv\\Lib\\site-packages\\selenium\\webdriver\\remote\\webdriver.py\", line 454, in execute\n    self.error_handler.check_response(response)\n  File \"C:\\Users\\ZENTA\\Desktop\\prueba_test_ui_estilos_gherkin\\venv\\Lib\\site-packages\\selenium\\webdriver\\remote\\errorhandler.py\", line 232, in check_response\n    raise exception_class(message, screen, stacktrace)\n"}, "start": 1752246054675, "stop": 1752246055770}, {"name": "Then el texto \"Evolutivo diario\" debe tener el color \"rgba(0, 123, 255, 1)\"", "status": "skipped", "start": 1752246055770, "stop": 1752246055770}, {"name": "And el texto debe tener la fuente \"TT Norms\"", "status": "skipped", "start": 1752246055770, "stop": 1752246055770}, {"name": "And el texto debe tener un tamaño de \"14px\"", "status": "skipped", "start": 1752246055770, "stop": 1752246055770}], "parameters": [{"name": "color", "value": "rgba(0, 123, 255, 1)"}, {"name": "fuente", "value": "TT Norms"}, {"name": "tamano", "value": "14px"}], "start": 1752246045418, "stop": 1752246055770, "uuid": "b790b1ff-2f09-4c91-9463-8d9260946745", "historyId": "4301792dc016e10d3deddc188ede05b7", "fullName": "Validación de estilos en la pestaña \"Evolutivo diario\": Verificar color, fuente y tamaño del texto en Evolutivo diario", "labels": [{"name": "severity", "value": "normal"}, {"name": "feature", "value": "Validación de estilos en la pestaña \"Evolutivo diario\""}, {"name": "framework", "value": "behave"}, {"name": "language", "value": "cpython3"}]}